-------------------------------------------------------------------------------
Test set: com.programming.techie.springredditclone.repository.PostRepositoryTest
-------------------------------------------------------------------------------
Tests run: 1, Failures: 0, Errors: 1, Skipped: 0, Time elapsed: 2.722 s <<< FAILURE! - in com.programming.techie.springredditclone.repository.PostRepositoryTest
shouldSavePost  Time elapsed: 0.009 s  <<< ERROR!
java.lang.ExceptionInInitializerError
Caused by: org.testcontainers.containers.ContainerLaunchException: Container startup failed
Caused by: org.testcontainers.containers.ContainerFetchException: Can't get Docker image: RemoteDockerImage(imageName=mysql:latest, imagePullPolicy=DefaultPullPolicy())
Caused by: com.github.dockerjava.api.exception.NotFoundException: 
{"message":"No such image: testcontainersofficial/ryuk:0.3.0"}


