<?xml version="1.0" encoding="UTF-8"?>
<testsuite xmlns:xsi="http://www.w3.org/2001/XMLSchema-instance" xsi:noNamespaceSchemaLocation="https://maven.apache.org/surefire/maven-surefire-plugin/xsd/surefire-test-report.xsd" name="com.programming.techie.springredditclone.repository.PostRepositoryTest" time="2.722" tests="1" errors="1" skipped="0" failures="0">
  <properties>
[...]
</properties>
  <testcase name="shouldSavePost" classname="com.programming.techie.springredditclone.repository.PostRepositoryTest" time="0.009">
    <error type="java.lang.ExceptionInInitializerError">java.lang.ExceptionInInitializerError
Caused by: org.testcontainers.containers.ContainerLaunchException: Container startup failed
Caused by: org.testcontainers.containers.ContainerFetchException: Can't get Docker image: RemoteDockerImage(imageName=mysql:latest, imagePullPolicy=DefaultPullPolicy())
Caused by: com.github.dockerjava.api.exception.NotFoundException: 
{"message":"No such image: testcontainersofficial/ryuk:0.3.0"}

</error>
    <system-out><![CDATA[2024-01-16 21:49:35.935  INFO 24952 --- [           main] b.t.a.o.j.DataJpaTestContextBootstrapper : Neither @ContextConfiguration nor @ContextHierarchy found for test class [com.programming.techie.springredditclone.repository.PostRepositoryTest], using SpringBootContextLoader
2024-01-16 21:49:35.938  INFO 24952 --- [           main] o.s.t.c.support.AbstractContextLoader    : Could not detect default resource locations for test class [com.programming.techie.springredditclone.repository.PostRepositoryTest]: no resource found for suffixes {-context.xml, Context.groovy}.
2024-01-16 21:49:35.938  INFO 24952 --- [           main] t.c.s.AnnotationConfigContextLoaderUtils : Could not detect default configuration classes for test class [com.programming.techie.springredditclone.repository.PostRepositoryTest]: PostRepositoryTest does not declare any static, non-private, non-final, nested classes annotated with @Configuration.
2024-01-16 21:49:35.961  INFO 24952 --- [           main] .b.t.c.SpringBootTestContextBootstrapper : Found @SpringBootConfiguration com.programming.techie.springredditclone.SpringRedditCloneApplication for test class com.programming.techie.springredditclone.repository.PostRepositoryTest
2024-01-16 21:49:35.961  INFO 24952 --- [           main] b.t.a.o.j.DataJpaTestContextBootstrapper : Loaded default TestExecutionListener class names from location [META-INF/spring.factories]: [org.springframework.boot.test.mock.mockito.MockitoTestExecutionListener, org.springframework.boot.test.mock.mockito.ResetMocksTestExecutionListener, org.springframework.boot.test.autoconfigure.restdocs.RestDocsTestExecutionListener, org.springframework.boot.test.autoconfigure.web.client.MockRestServiceServerResetTestExecutionListener, org.springframework.boot.test.autoconfigure.web.servlet.MockMvcPrintOnlyOnFailureTestExecutionListener, org.springframework.boot.test.autoconfigure.web.servlet.WebDriverTestExecutionListener, org.springframework.test.context.web.ServletTestExecutionListener, org.springframework.test.context.support.DirtiesContextBeforeModesTestExecutionListener, org.springframework.test.context.support.DependencyInjectionTestExecutionListener, org.springframework.test.context.support.DirtiesContextTestExecutionListener, org.springframework.test.context.transaction.TransactionalTestExecutionListener, org.springframework.test.context.jdbc.SqlScriptsTestExecutionListener, org.springframework.security.test.context.support.WithSecurityContextTestExecutionListener, org.springframework.security.test.context.support.ReactorContextTestExecutionListener]
2024-01-16 21:49:35.962  INFO 24952 --- [           main] b.t.a.o.j.DataJpaTestContextBootstrapper : Using TestExecutionListeners: [org.springframework.test.context.web.ServletTestExecutionListener@70b33256, org.springframework.test.context.support.DirtiesContextBeforeModesTestExecutionListener@33d230ce, org.springframework.boot.test.mock.mockito.MockitoTestExecutionListener@35e74e08, org.springframework.boot.test.autoconfigure.SpringBootDependencyInjectionTestExecutionListener@a316f6b, org.springframework.test.context.support.DirtiesContextTestExecutionListener@63f9ddf9, org.springframework.test.context.transaction.TransactionalTestExecutionListener@410fc508, org.springframework.test.context.jdbc.SqlScriptsTestExecutionListener@4e17442f, org.springframework.security.test.context.support.WithSecurityContextTestExecutionListener@4f5c30b1, org.springframework.security.test.context.support.ReactorContextTestExecutionListener@62e73ab6, org.springframework.boot.test.mock.mockito.ResetMocksTestExecutionListener@5d7f8467, org.springframework.boot.test.autoconfigure.restdocs.RestDocsTestExecutionListener@29bd85db, org.springframework.boot.test.autoconfigure.web.client.MockRestServiceServerResetTestExecutionListener@7caf1e5, org.springframework.boot.test.autoconfigure.web.servlet.MockMvcPrintOnlyOnFailureTestExecutionListener@5c234920, org.springframework.boot.test.autoconfigure.web.servlet.WebDriverTestExecutionListener@7ddeb27f]
2024-01-16 21:49:36.018  INFO 24952 --- [           main] o.t.d.DockerClientProviderStrategy       : Loaded org.testcontainers.dockerclient.NpipeSocketClientProviderStrategy from ~/.testcontainers.properties, will try it first
2024-01-16 21:49:37.086  INFO 24952 --- [           main] o.t.d.NpipeSocketClientProviderStrategy  : Accessing docker with local Npipe socket (npipe:////./pipe/docker_engine)
2024-01-16 21:49:37.087  INFO 24952 --- [           main] o.t.d.DockerClientProviderStrategy       : Found Docker environment with local Npipe socket (npipe:////./pipe/docker_engine)
2024-01-16 21:49:37.384  INFO 24952 --- [           main] org.testcontainers.DockerClientFactory   : Docker host IP address is localhost
2024-01-16 21:49:37.437  INFO 24952 --- [           main] org.testcontainers.DockerClientFactory   : Connected to docker: 
  Server Version: 20.10.13
  API Version: 1.41
  Operating System: Docker Desktop
  Total Memory: 7814 MB
2024-01-16 21:49:37.850  INFO 24952 --- [           main] o.t.utility.RegistryAuthLocator          : Credential helper/store (docker-credential-desktop) does not have credentials for index.docker.io
]]></system-out>
  </testcase>
</testsuite>